
13-12-2024 19:28:51 Alteração! 1->2. Adicionados: teste1.txt
teste2.txt.
13-12-2024 19:29:16 Alteração! 2->3. Adicionados: teste3.txt.
13-12-2024 20:46:34 Alteração! 4->6. Adicionados: gggg.txt
tfr.txt.
13-12-2024 21:01:23 Alteração! 6->10. Adicionados: ccccc.txt
hhhh.txt
iiiii.txt
xxxxx.txt.
13-12-2024 21:20:12 Alteração! 5->1. Removidos: gggg.txt
teste1.txt
teste2.txt
teste3.txt.
19-12-2024 19:09:38 Alteração! 1->3. Adicionados: cva.txt
cvb.text.
[19-12-2024 19:16:41] Alteração! 3->6. Adicionados: car.txt df.txt gv.txt
[19-12-2024 21:13:10] Alteração! 6->7. Adicionados: atxt
[19-12-2024 21:13:25] Alteração! 7->8. Adicionados: b.txt
[19-12-2024 21:13:45] Alteração! 8->11. Adicionados: c.txt x.txt z.txt
[19-12-2024 21:14:00] Alteração! 11->10. Removidos: b.txt
